<?xml version="1.0" encoding="UTF-8"?>
<!-- Generated by org.testng.reporters.JUnitReportReporter -->
<testsuite hostname="DESKTOP-2MN2D58" failures="0" tests="1" name="pomom2run.logintest" time="15.681" errors="0" timestamp="2024-01-08T18:14:42 IST" skipped="0">
  <testcase classname="pomom2run.logintest" name="loginTestt" time="15.681"/>
</testsuite> <!-- pomom2run.logintest -->
