<?xml version="1.0" encoding="UTF-8"?>
<!-- Generated by org.testng.reporters.JUnitReportReporter -->
<testsuite hostname="DESKTOP-2MN2D58" failures="0" tests="1" name="TestNgpractise.newclass2" time="0.003" errors="0" timestamp="2023-12-21T15:24:23 IST" skipped="0">
  <testcase classname="TestNgpractise.newclass2" name="display3" time="0.003"/>
</testsuite> <!-- TestNgpractise.newclass2 -->
