<?xml version="1.0" encoding="UTF-8"?>
<!-- Generated by org.testng.reporters.JUnitReportReporter -->
<testsuite hostname="DESKTOP-2MN2D58" failures="0" tests="2" name="TestNgpractise.newclass" time="0.013" errors="0" timestamp="2023-12-21T15:24:23 IST" skipped="0">
  <testcase classname="TestNgpractise.newclass" name="display8" time="0.003"/>
  <testcase classname="TestNgpractise.newclass" name="display1" time="0.010"/>
</testsuite> <!-- TestNgpractise.newclass -->
